::1 - - [14/Apr/2025:04:33:26 +0000] "POST /outbreak/simCardsList HTTP/1.1" 404 51 "-" "Apifox/1.0.0 (https://apifox.com)"
::1 - - [14/Apr/2025:04:33:49 +0000] "POST /api/outbreak/simCardsList HTTP/1.1" 500 103 "-" "Apifox/1.0.0 (https://apifox.com)"
::1 - - [14/Apr/2025:04:36:49 +0000] "POST /api/outbreak/simCardsList HTTP/1.1" 200 1575 "-" "Apifox/1.0.0 (https://apifox.com)"
::1 - - [21/Apr/2025:05:06:01 +0000] "POST /api/outbreak/simCardsList HTTP/1.1" 200 357 "-" "Apifox/1.0.0 (https://apifox.com)"
::1 - - [21/Apr/2025:05:17:32 +0000] "POST /api/outbreak/simCardsList HTTP/1.1" 200 1564 "-" "Apifox/1.0.0 (https://apifox.com)"
::1 - - [21/Apr/2025:05:35:02 +0000] "POST /api/outbreak/simCardsList HTTP/1.1" 200 1564 "-" "Apifox/1.0.0 (https://apifox.com)"
::1 - - [21/Apr/2025:05:36:21 +0000] "POST /api/outbreak/simCardsList HTTP/1.1" 200 1564 "-" "Apifox/1.0.0 (https://apifox.com)"
::1 - - [21/Apr/2025:06:08:37 +0000] "POST /api/outbreak/simCardsList HTTP/1.1" 200 1564 "-" "Apifox/1.0.0 (https://apifox.com)"
::1 - - [21/Apr/2025:06:08:40 +0000] "POST /api/outbreak/simCardsList HTTP/1.1" 200 1564 "-" "Apifox/1.0.0 (https://apifox.com)"
::1 - - [21/Apr/2025:06:08:43 +0000] "POST /api/outbreak/simCardsList HTTP/1.1" 200 1564 "-" "Apifox/1.0.0 (https://apifox.com)"
::1 - - [21/Apr/2025:06:35:57 +0000] "POST /api/outbreak/clientsSpilt HTTP/1.1" 200 74 "-" "Apifox/1.0.0 (https://apifox.com)"
::1 - - [21/Apr/2025:06:49:50 +0000] "POST /api/outbreak/clientsSpilt HTTP/1.1" 200 74 "-" "Apifox/1.0.0 (https://apifox.com)"
::1 - - [21/Apr/2025:06:50:48 +0000] "POST /api/outbreak/clientsSpilt HTTP/1.1" 200 74 "-" "Apifox/1.0.0 (https://apifox.com)"
::1 - - [21/Apr/2025:07:01:56 +0000] "POST /api/outbreak/clientsSpilt HTTP/1.1" 200 104 "-" "Apifox/1.0.0 (https://apifox.com)"
::1 - - [21/Apr/2025:07:02:12 +0000] "POST /api/outbreak/clientsSpilt HTTP/1.1" 200 104 "-" "Apifox/1.0.0 (https://apifox.com)"
::1 - - [21/Apr/2025:07:02:28 +0000] "POST /api/outbreak/clientsSpilt HTTP/1.1" 200 104 "-" "Apifox/1.0.0 (https://apifox.com)"
::1 - - [21/Apr/2025:07:05:18 +0000] "POST /api/outbreak/clientsSpilt HTTP/1.1" 200 104 "-" "Apifox/1.0.0 (https://apifox.com)"
::1 - - [21/Apr/2025:07:20:00 +0000] "POST /api/outbreak/clientsSpilt HTTP/1.1" 200 101 "-" "Apifox/1.0.0 (https://apifox.com)"
::1 - - [21/Apr/2025:07:26:58 +0000] "POST /api/outbreak/clientsSpilt HTTP/1.1" 200 104 "-" "Apifox/1.0.0 (https://apifox.com)"
::1 - - [21/Apr/2025:07:28:36 +0000] "POST /api/outbreak/clientsSpilt HTTP/1.1" 200 101 "-" "Apifox/1.0.0 (https://apifox.com)"
::1 - - [21/Apr/2025:07:51:52 +0000] "POST /api/outbreak/clientsSpilt HTTP/1.1" 200 101 "-" "Apifox/1.0.0 (https://apifox.com)"
::1 - - [21/Apr/2025:07:54:00 +0000] "POST /api/outbreak/clientsSpilt HTTP/1.1" 200 101 "-" "Apifox/1.0.0 (https://apifox.com)"
::1 - - [21/Apr/2025:07:58:28 +0000] "POST /api/outbreak/clientsSpilt HTTP/1.1" 200 101 "-" "Apifox/1.0.0 (https://apifox.com)"
::1 - - [21/Apr/2025:08:02:43 +0000] "POST /api/outbreak/clientsSpilt HTTP/1.1" 200 104 "-" "Apifox/1.0.0 (https://apifox.com)"
::1 - - [21/Apr/2025:08:06:31 +0000] "POST /api/outbreak/clientsSpilt HTTP/1.1" 200 104 "-" "Apifox/1.0.0 (https://apifox.com)"
::1 - - [21/Apr/2025:08:06:56 +0000] "POST /api/outbreak/clientsSpilt HTTP/1.1" 200 104 "-" "Apifox/1.0.0 (https://apifox.com)"
::1 - - [21/Apr/2025:10:34:43 +0000] "POST /api/outbreak/simCardsList HTTP/1.1" 200 1597 "-" "Apifox/1.0.0 (https://apifox.com)"
::1 - - [22/Apr/2025:02:21:06 +0000] "POST /api/outbreak/simCardsList HTTP/1.1" 200 1597 "-" "Apifox/1.0.0 (https://apifox.com)"
::1 - - [22/Apr/2025:02:21:25 +0000] "POST /api/outbreak/simCardsList HTTP/1.1" 200 1597 "-" "Apifox/1.0.0 (https://apifox.com)"
::1 - - [22/Apr/2025:02:21:29 +0000] "POST /api/outbreak/simCardsList HTTP/1.1" 200 1597 "-" "Apifox/1.0.0 (https://apifox.com)"
::1 - - [22/Apr/2025:02:21:32 +0000] "POST /api/outbreak/simCardsList HTTP/1.1" 200 1597 "-" "Apifox/1.0.0 (https://apifox.com)"
::1 - - [22/Apr/2025:02:33:31 +0000] "POST /api/outbreak/simCardsList HTTP/1.1" 200 1597 "-" "Apifox/1.0.0 (https://apifox.com)"
::1 - - [22/Apr/2025:02:35:42 +0000] "POST /api/outbreak/simCardsList HTTP/1.1" 200 1597 "-" "Apifox/1.0.0 (https://apifox.com)"
::1 - - [23/Apr/2025:05:09:57 +0000] "POST /api/outbreak/simCardsList HTTP/1.1" 200 1597 "-" "Apifox/1.0.0 (https://apifox.com)"
::1 - - [23/Apr/2025:05:14:37 +0000] "POST /api/outbreak/clientsSpilt HTTP/1.1" 200 101 "-" "Apifox/1.0.0 (https://apifox.com)"
::1 - - [23/Apr/2025:05:16:49 +0000] "POST /api/outbreak/clientsSpilt HTTP/1.1" 200 101 "-" "Apifox/1.0.0 (https://apifox.com)"
::1 - - [23/Apr/2025:05:18:55 +0000] "POST /api/outbreak/clientsSpilt HTTP/1.1" 200 101 "-" "Apifox/1.0.0 (https://apifox.com)"
::1 - - [23/Apr/2025:05:19:23 +0000] "POST /api/outbreak/clientsSpilt HTTP/1.1" 200 101 "-" "Apifox/1.0.0 (https://apifox.com)"
::1 - - [23/Apr/2025:05:21:21 +0000] "POST /api/outbreak/clientsSpilt HTTP/1.1" 200 101 "-" "Apifox/1.0.0 (https://apifox.com)"
::1 - - [23/Apr/2025:05:22:54 +0000] "POST /api/outbreak/clientsSpilt HTTP/1.1" 200 101 "-" "Apifox/1.0.0 (https://apifox.com)"
::1 - - [23/Apr/2025:05:37:33 +0000] "POST /api/outbreak/clientsSpilt HTTP/1.1" 200 104 "-" "Apifox/1.0.0 (https://apifox.com)"
::1 - - [23/Apr/2025:07:14:41 +0000] "POST /api/outbreak/clientsSpilt HTTP/1.1" 200 101 "-" "Apifox/1.0.0 (https://apifox.com)"
::1 - - [23/Apr/2025:07:16:48 +0000] "POST /api/outbreak/clientsSpilt HTTP/1.1" 200 101 "-" "Apifox/1.0.0 (https://apifox.com)"
::1 - - [23/Apr/2025:07:20:03 +0000] "POST /api/outbreak/clientsSpilt HTTP/1.1" 200 101 "-" "Apifox/1.0.0 (https://apifox.com)"
::1 - - [23/Apr/2025:07:22:16 +0000] "POST /api/outbreak/simCardsList HTTP/1.1" 200 1578 "-" "Apifox/1.0.0 (https://apifox.com)"
::1 - - [23/Apr/2025:07:23:23 +0000] "POST /api/outbreak/clientsSpilt HTTP/1.1" 200 101 "-" "Apifox/1.0.0 (https://apifox.com)"
::1 - - [23/Apr/2025:07:25:12 +0000] "POST /api/outbreak/clientsSpilt HTTP/1.1" 200 101 "-" "Apifox/1.0.0 (https://apifox.com)"
::1 - - [24/Apr/2025:02:39:31 +0000] "POST /api/outbreak/simCardsList HTTP/1.1" 200 1596 "-" "Apifox/1.0.0 (https://apifox.com)"
::1 - - [24/Apr/2025:02:41:19 +0000] "POST /api/outbreak/clientsSpilt HTTP/1.1" 401 45 "-" "Apifox/1.0.0 (https://apifox.com)"
::1 - - [24/Apr/2025:02:41:58 +0000] "POST /api/outbreak/clientsSpilt HTTP/1.1" 400 58 "-" "Apifox/1.0.0 (https://apifox.com)"
::1 - - [24/Apr/2025:02:45:15 +0000] "POST /api/outbreak/clientsSpilt HTTP/1.1" 400 58 "-" "Apifox/1.0.0 (https://apifox.com)"
::1 - - [24/Apr/2025:02:46:33 +0000] "POST /api/outbreak/clientsSpilt HTTP/1.1" 400 58 "-" "Apifox/1.0.0 (https://apifox.com)"
::1 - - [24/Apr/2025:02:55:40 +0000] "POST /api/outbreak/clientsSpilt HTTP/1.1" 500 105 "-" "Apifox/1.0.0 (https://apifox.com)"
::1 - - [24/Apr/2025:02:57:25 +0000] "POST /api/outbreak/clientsSpilt HTTP/1.1" 400 81 "-" "Apifox/1.0.0 (https://apifox.com)"
::1 - - [24/Apr/2025:02:58:22 +0000] "POST /api/outbreak/clientsSpilt HTTP/1.1" 200 81 "-" "Apifox/1.0.0 (https://apifox.com)"
::1 - - [24/Apr/2025:03:00:15 +0000] "POST /api/outbreak/clientsSpilt HTTP/1.1" 400 110 "-" "Apifox/1.0.0 (https://apifox.com)"
::1 - - [24/Apr/2025:03:00:36 +0000] "POST /api/outbreak/clientsSpilt HTTP/1.1" 400 110 "-" "Apifox/1.0.0 (https://apifox.com)"
::1 - - [24/Apr/2025:03:01:43 +0000] "POST /api/outbreak/clientsSpilt HTTP/1.1" 200 81 "-" "Apifox/1.0.0 (https://apifox.com)"
::1 - - [24/Apr/2025:03:05:07 +0000] "POST /api/outbreak/clientsSpilt HTTP/1.1" 200 81 "-" "Apifox/1.0.0 (https://apifox.com)"
::1 - - [24/Apr/2025:03:09:18 +0000] "POST /api/outbreak/clientsSpilt HTTP/1.1" 200 101 "-" "Apifox/1.0.0 (https://apifox.com)"
::1 - - [24/Apr/2025:03:11:38 +0000] "POST /api/outbreak/clientsSpilt HTTP/1.1" 200 101 "-" "Apifox/1.0.0 (https://apifox.com)"
::1 - - [24/Apr/2025:04:41:49 +0000] "POST /api/outbreak/simCardsList HTTP/1.1" 200 4599 "-" "Apifox/1.0.0 (https://apifox.com)"
::1 - - [24/Apr/2025:04:43:56 +0000] "POST /api/outbreak/clientsSpilt HTTP/1.1" 200 101 "-" "Apifox/1.0.0 (https://apifox.com)"
::1 - - [24/Apr/2025:05:08:10 +0000] "POST /api/outbreak/clientsSpilt HTTP/1.1" 401 45 "-" "axios/1.8.4"
::1 - - [24/Apr/2025:05:08:52 +0000] "POST /api/outbreak/simCardsList HTTP/1.1" 200 4599 "-" "Apifox/1.0.0 (https://apifox.com)"
::1 - - [24/Apr/2025:05:10:21 +0000] "POST /api/outbreak/clientsSpilt HTTP/1.1" 401 45 "-" "axios/1.8.4"
::1 - - [24/Apr/2025:05:13:08 +0000] "POST /api/outbreak/clientsSpilt HTTP/1.1" 200 81 "-" "axios/1.8.4"
::1 - - [24/Apr/2025:05:15:31 +0000] "POST /api/outbreak/clientsSpilt HTTP/1.1" 200 101 "-" "axios/1.8.4"
::1 - - [24/Apr/2025:05:17:57 +0000] "POST /api/outbreak/clientsSpilt HTTP/1.1" - - "-" "axios/1.8.4"
::1 - - [24/Apr/2025:05:18:11 +0000] "POST /api/outbreak/clientsSpilt HTTP/1.1" 500 77 "-" "axios/1.8.4"
::1 - - [24/Apr/2025:05:19:10 +0000] "POST /api/outbreak/clientsSpilt HTTP/1.1" 200 81 "-" "axios/1.8.4"
::1 - - [24/Apr/2025:05:20:20 +0000] "POST /api/outbreak/clientsSpilt HTTP/1.1" 200 81 "-" "axios/1.8.4"
::1 - - [24/Apr/2025:05:21:40 +0000] "POST /api/outbreak/clientsSpilt HTTP/1.1" 200 101 "-" "Apifox/1.0.0 (https://apifox.com)"
::1 - - [24/Apr/2025:05:22:47 +0000] "POST /api/outbreak/clientsSpilt HTTP/1.1" 200 101 "-" "Apifox/1.0.0 (https://apifox.com)"
::1 - - [24/Apr/2025:05:23:01 +0000] "POST /api/outbreak/clientsSpilt HTTP/1.1" 200 101 "-" "axios/1.8.4"
::1 - - [24/Apr/2025:05:24:32 +0000] "POST /api/outbreak/clientsSpilt HTTP/1.1" 200 101 "-" "axios/1.8.4"
::1 - - [24/Apr/2025:05:26:02 +0000] "POST /api/outbreak/clientsSpilt HTTP/1.1" 200 101 "-" "axios/1.8.4"
::1 - - [24/Apr/2025:05:27:32 +0000] "POST /api/outbreak/clientsSpilt HTTP/1.1" 200 101 "-" "axios/1.8.4"
::1 - - [24/Apr/2025:05:29:01 +0000] "POST /api/outbreak/clientsSpilt HTTP/1.1" 200 101 "-" "axios/1.8.4"
::1 - - [24/Apr/2025:05:30:31 +0000] "POST /api/outbreak/clientsSpilt HTTP/1.1" 200 101 "-" "axios/1.8.4"
::1 - - [24/Apr/2025:05:32:00 +0000] "POST /api/outbreak/clientsSpilt HTTP/1.1" 200 101 "-" "axios/1.8.4"
::1 - - [24/Apr/2025:05:33:31 +0000] "POST /api/outbreak/clientsSpilt HTTP/1.1" 200 101 "-" "axios/1.8.4"
::1 - - [24/Apr/2025:05:34:59 +0000] "POST /api/outbreak/clientsSpilt HTTP/1.1" 200 101 "-" "axios/1.8.4"
::1 - - [24/Apr/2025:05:36:32 +0000] "POST /api/outbreak/clientsSpilt HTTP/1.1" 200 101 "-" "axios/1.8.4"
::1 - - [24/Apr/2025:05:37:58 +0000] "POST /api/outbreak/clientsSpilt HTTP/1.1" 200 101 "-" "axios/1.8.4"
::1 - - [24/Apr/2025:05:39:28 +0000] "POST /api/outbreak/clientsSpilt HTTP/1.1" 200 101 "-" "axios/1.8.4"
::1 - - [24/Apr/2025:05:40:58 +0000] "POST /api/outbreak/clientsSpilt HTTP/1.1" 200 101 "-" "axios/1.8.4"
::1 - - [24/Apr/2025:05:42:33 +0000] "POST /api/outbreak/clientsSpilt HTTP/1.1" 200 101 "-" "axios/1.8.4"
::1 - - [24/Apr/2025:05:43:55 +0000] "POST /api/outbreak/clientsSpilt HTTP/1.1" 200 101 "-" "axios/1.8.4"
::1 - - [24/Apr/2025:05:45:25 +0000] "POST /api/outbreak/clientsSpilt HTTP/1.1" 200 101 "-" "axios/1.8.4"
::1 - - [24/Apr/2025:05:46:58 +0000] "POST /api/outbreak/clientsSpilt HTTP/1.1" 200 101 "-" "axios/1.8.4"
::1 - - [24/Apr/2025:05:48:24 +0000] "POST /api/outbreak/clientsSpilt HTTP/1.1" 200 101 "-" "axios/1.8.4"
::1 - - [24/Apr/2025:05:49:53 +0000] "POST /api/outbreak/clientsSpilt HTTP/1.1" 200 101 "-" "axios/1.8.4"
::1 - - [24/Apr/2025:05:51:23 +0000] "POST /api/outbreak/clientsSpilt HTTP/1.1" 200 101 "-" "axios/1.8.4"
::1 - - [24/Apr/2025:05:52:53 +0000] "POST /api/outbreak/clientsSpilt HTTP/1.1" 200 101 "-" "axios/1.8.4"
::1 - - [24/Apr/2025:08:21:11 +0000] "POST /api/outbreak/clientsSpilt HTTP/1.1" 200 101 "-" "Apifox/1.0.0 (https://apifox.com)"
::1 - - [24/Apr/2025:09:06:53 +0000] "POST /api/outbreak/clientsSpilt HTTP/1.1" 200 101 "-" "Apifox/1.0.0 (https://apifox.com)"
::1 - - [24/Apr/2025:09:35:32 +0000] "GET /api/orders?page=1&pageSize=10&order_id=&payment_id=&channel=&startTime=&endTime= HTTP/1.1" 401 45 "http://localhost:5173/" "Mozilla/5.0 (Windows NT 10.0; Win64; x64) AppleWebKit/537.36 (KHTML, like Gecko) Chrome/135.0.0.0 Safari/537.36"
::1 - - [25/Apr/2025:07:33:47 +0000] "POST /api/outbreak/clientsSpilt HTTP/1.1" 200 81 "-" "axios/1.8.4"
::1 - - [10/May/2025:02:16:23 +0000] "POST /api/outbreak/simCardsList HTTP/1.1" 200 4970 "-" "Apifox/1.0.0 (https://apifox.com)"
::1 - - [10/May/2025:02:42:32 +0000] "POST /api/outbreak/simCardsList HTTP/1.1" 200 4970 "-" "Apifox/1.0.0 (https://apifox.com)"
::1 - - [10/May/2025:03:22:12 +0000] "POST /api/outbreak/simCardsList HTTP/1.1" 200 4970 "-" "Apifox/1.0.0 (https://apifox.com)"
::1 - - [19/May/2025:05:14:51 +0000] "POST /api/outbreak/simCardsList HTTP/1.1" 200 4970 "-" "Apifox/1.0.0 (https://apifox.com)"
::1 - - [19/May/2025:05:16:40 +0000] "POST /api/outbreak/clientsSpilt HTTP/1.1" 200 101 "-" "Apifox/1.0.0 (https://apifox.com)"
::1 - - [19/May/2025:06:02:53 +0000] "POST /api/outbreak/simCardsList HTTP/1.1" 200 4986 "-" "Apifox/1.0.0 (https://apifox.com)"
::1 - - [19/May/2025:06:36:26 +0000] "POST /api/outbreak/clientsSpilt HTTP/1.1" 200 82 "-" "Apifox/1.0.0 (https://apifox.com)"
::1 - - [19/May/2025:06:36:37 +0000] "POST /api/outbreak/clientsSpilt HTTP/1.1" 200 82 "-" "Apifox/1.0.0 (https://apifox.com)"
::1 - - [19/May/2025:06:46:00 +0000] "POST /api/outbreak/clientsSpilt HTTP/1.1" 200 101 "-" "Apifox/1.0.0 (https://apifox.com)"
::1 - - [19/May/2025:06:47:45 +0000] "POST /api/outbreak/clientsSpilt HTTP/1.1" 200 101 "-" "Apifox/1.0.0 (https://apifox.com)"
::1 - - [19/May/2025:06:49:29 +0000] "POST /api/outbreak/clientsSpilt HTTP/1.1" 200 101 "-" "Apifox/1.0.0 (https://apifox.com)"
::1 - - [19/May/2025:06:52:12 +0000] "POST /api/outbreak/clientsSpilt HTTP/1.1" 200 101 "-" "Apifox/1.0.0 (https://apifox.com)"
::1 - - [19/May/2025:06:52:34 +0000] "POST /api/outbreak/clientsSpilt HTTP/1.1" 200 101 "-" "Apifox/1.0.0 (https://apifox.com)"
::1 - - [19/May/2025:06:53:12 +0000] "POST /api/outbreak/clientsSpilt HTTP/1.1" 200 101 "-" "Apifox/1.0.0 (https://apifox.com)"
::1 - - [19/May/2025:06:55:04 +0000] "POST /api/outbreak/clientsSpilt HTTP/1.1" 200 101 "-" "Apifox/1.0.0 (https://apifox.com)"
::1 - - [19/May/2025:06:56:52 +0000] "POST /api/outbreak/clientsSpilt HTTP/1.1" 200 101 "-" "Apifox/1.0.0 (https://apifox.com)"
::1 - - [19/May/2025:11:36:49 +0000] "POST /api/outbreak/simCardsList HTTP/1.1" 200 4986 "-" "Apifox/1.0.0 (https://apifox.com)"
::1 - - [19/May/2025:11:40:12 +0000] "POST /api/outbreak/simCardsList HTTP/1.1" 200 4986 "-" "Apifox/1.0.0 (https://apifox.com)"
::1 - - [22/May/2025:06:43:00 +0000] "POST /api/outbreak/simCardsList HTTP/1.1" 200 4988 "-" "Apifox/1.0.0 (https://apifox.com)"
